<?xml version="1.0" encoding="UTF-8"?>
<testsuite xmlns:xsi="http://www.w3.org/2001/XMLSchema-instance" xsi:noNamespaceSchemaLocation="https://maven.apache.org/surefire/maven-surefire-plugin/xsd/surefire-test-report-3.0.xsd" version="3.0" name="runners.MyRunnerTest" time="26.135" tests="1" errors="0" skipped="0" failures="1">
  <properties>
[...]
</properties>
  <testcase name="Login with invalid username" classname="Login scenarios" time="25.392">
    <failure message="expected:&lt;[Username and password do not match any user in this service.]&gt; but was:&lt;[Error]&gt;" type="org.junit.ComparisonFailure"><![CDATA[org.junit.ComparisonFailure: expected:<[Username and password do not match any user in this service.]> but was:<[Error]>
	at org.junit.Assert.assertEquals(Assert.java:117)
	at org.junit.Assert.assertEquals(Assert.java:146)
	at stepdef.LoginStepDef.loginShouldFailWithError(LoginStepDef.java:33)
	at ✽.login should fail with error "Error"(file:///C:/Users/OPTIPLEX%203040/eclipse-workspace/appiumCucumberFramework/src/test/resources/Login.feature:9)
]]></failure>
    <system-out><![CDATA[
@test
Scenario Outline: Login with invalid username # src/test/resources/Login.feature:13
[INFO ] 2024-08-09 14:16:20.611 ServerManager:24 - Starting Appium server
&amp#27;[38;5;112m[Appium]&amp#27;[0m Welcome to Appium v2.11.1
&amp#27;[38;5;112m[Appium]&amp#27;[0m Non-default server args:
&amp#27;[38;5;112m[Appium]&amp#27;[0m { port: &amp#27;[33m44148&amp#27;[39m, sessionOverride: &amp#27;[33mtrue&amp#27;[39m }
&amp#27;[38;5;112m[Appium]&amp#27;[0m The autodetected Appium home path: C:\Users\OPTIPLEX 3040\.appium
&amp#27;[38;5;112m[Appium]&amp#27;[0m Attempting to load driver uiautomator2...
&amp#27;[38;5;112m[Appium]&amp#27;[0m Attempting to load driver xcuitest...
&amp#27;[38;5;112m[Appium]&amp#27;[0m Requiring driver at C:\Users\OPTIPLEX 3040\.appium\node_modules\appium-uiautomator2-driver\build\index.js
&amp#27;[38;5;112m[Appium]&amp#27;[0m Requiring driver at C:\Users\OPTIPLEX 3040\.appium\node_modules\appium-xcuitest-driver\build\index.js
&amp#27;[38;5;112m[Appium]&amp#27;[0m AndroidUiautomator2Driver has been successfully loaded in 2.059s
&amp#27;[38;5;112m[Appium]&amp#27;[0m XCUITestDriver has been successfully loaded in 2.060s
&amp#27;[38;5;112m[Appium]&amp#27;[0m Appium REST http interface listener started on http://0.0.0.0:44148
&amp#27;[38;5;112m[Appium]&amp#27;[0m You can provide the following URLs in your client code to connect to this server:
	http://192.168.8.107:44148/
	http://127.0.0.1:44148/ (only accessible from the same host)
&amp#27;[38;5;112m[Appium]&amp#27;[0m Available drivers:
&amp#27;[38;5;112m[Appium]&amp#27;[0m   - uiautomator2@3.7.1 (automationName 'UiAutomator2')
&amp#27;[38;5;112m[Appium]&amp#27;[0m   - xcuitest@7.23.0 (automationName 'XCUITest')
&amp#27;[38;5;112m[Appium]&amp#27;[0m Available plugins:
&amp#27;[38;5;112m[Appium]&amp#27;[0m   - images@3.0.16
&amp#27;[38;5;112m[Appium]&amp#27;[0m   - execute-driver@3.0.31
&amp#27;[38;5;112m[Appium]&amp#27;[0m No plugins activated. Use the --use-plugins flag with names of plugins to activate
&amp#27;[38;5;86m[HTTP]&amp#27;[0m &amp#27;[37m-->&amp#27;[39m &amp#27;[37mGET&amp#27;[39m &amp#27;[37m/status&amp#27;[39m &amp#27;[90m{}&amp#27;[39m
&amp#27;[38;5;131m[AppiumDriver@2937]&amp#27;[0m Calling AppiumDriver.getStatus() with args: []
&amp#27;[38;5;131m[AppiumDriver@2937]&amp#27;[0m Responding to client with driver.getStatus() result: {"ready":true,"message":"The server is ready to accept new connections","build":{"version":"2.11.1"}}
&amp#27;[38;5;86m[HTTP]&amp#27;[0m &amp#27;[37m<-- GET /status &amp#27;[39m&amp#27;[32m200&amp#27;[39m &amp#27;[90m10 ms - 111&amp#27;[39m &amp#27;[90m&amp#27;[39m
&amp#27;[38;5;86m[HTTP]&amp#27;[0m &amp#27;[37m-->&amp#27;[39m &amp#27;[37mGET&amp#27;[39m &amp#27;[37m/status&amp#27;[39m &amp#27;[90m{}&amp#27;[39m
&amp#27;[38;5;131m[AppiumDriver@2937]&amp#27;[0m Calling AppiumDriver.getStatus() with args: []
&amp#27;[38;5;131m[AppiumDriver@2937]&amp#27;[0m Responding to client with driver.getStatus() result: {"ready":true,"message":"The server is ready to accept new connections","build":{"version":"2.11.1"}}
[INFO ] 2024-08-09 14:16:24.889 ServerManager:34 - Appium server started
[INFO ] 2024-08-09 14:16:24.906 DriverManager:28 - Initializing driver
[INFO ] 2024-08-09 14:16:24.928 PropertyManager:18 - loading config file
[INFO ] 2024-08-09 14:16:24.929 CapabilitiesManager:18 - Getting capabilities
[INFO ] 2024-08-09 14:16:36.169 DriverManager:41 - Driver is initialized
[INFO ] 2024-08-09 14:16:39.699 BasePage:74 - login with username
  When I enter username  as "username"        # stepdef.LoginStepDef.iEnterUsernameAs(java.lang.String)
[INFO ] 2024-08-09 14:16:41.001 BasePage:74 - password is password
  And I enter password as "password"          # stepdef.LoginStepDef.iEnterPasswordAs(java.lang.String)
[INFO ] 2024-08-09 14:16:42.146 BasePage:57 - press login button
  And click login button                      # stepdef.LoginStepDef.clickLoginButton()
[INFO ] 2024-08-09 14:16:44.476 BasePage:100 - error text is - Username and password do not match any user in this service.
  Then login should fail with error "Error"   # stepdef.LoginStepDef.loginShouldFailWithError(java.lang.String)
      org.junit.ComparisonFailure: expected:<[Username and password do not match any user in this service.]> but was:<[Error]>
	at org.junit.Assert.assertEquals(Assert.java:117)
	at org.junit.Assert.assertEquals(Assert.java:146)
	at stepdef.LoginStepDef.loginShouldFailWithError(LoginStepDef.java:33)
	at ✽.login should fail with error "Error"(file:///C:/Users/OPTIPLEX%203040/eclipse-workspace/appiumCucumberFramework/src/test/resources/Login.feature:9)

]]></system-out>
    <system-err><![CDATA[SLF4J(W): No SLF4J providers were found.
SLF4J(W): Defaulting to no-operation (NOP) logger implementation
SLF4J(W): See https://www.slf4j.org/codes.html#noProviders for further details.
]]></system-err>
  </testcase>
</testsuite>